CRITICAL - 2022-06-12 14:10:46 --> Invalid file: Usuarios/index.php
#0 C:\xampp\htdocs\gestor\system\View\View.php(213): CodeIgniter\Exceptions\FrameworkException::forInvalidFile('Usuarios/index....')
#1 C:\xampp\htdocs\gestor\system\Common.php(1250): CodeIgniter\View\View->render('Usuarios/index', Array, true)
#2 C:\xampp\htdocs\gestor\app\Controllers\Usuario.php(11): view('Usuarios/index')
#3 C:\xampp\htdocs\gestor\system\CodeIgniter.php(931): App\Controllers\Usuario->index()
#4 C:\xampp\htdocs\gestor\system\CodeIgniter.php(439): CodeIgniter\CodeIgniter->runController(Object(App\Controllers\Usuario))
#5 C:\xampp\htdocs\gestor\system\CodeIgniter.php(339): CodeIgniter\CodeIgniter->handleRequest(NULL, Object(Config\Cache), false)
#6 C:\xampp\htdocs\gestor\public\index.php(36): CodeIgniter\CodeIgniter->run()
#7 C:\xampp\htdocs\gestor\system\Commands\Server\rewrite.php(45): require_once('C:\\xampp\\htdocs...')
#8 {main}
CRITICAL - 2022-06-12 14:10:54 --> Invalid file: Usuarios/index.php
#0 C:\xampp\htdocs\gestor\system\View\View.php(213): CodeIgniter\Exceptions\FrameworkException::forInvalidFile('Usuarios/index....')
#1 C:\xampp\htdocs\gestor\system\Common.php(1250): CodeIgniter\View\View->render('Usuarios/index', Array, true)
#2 C:\xampp\htdocs\gestor\app\Controllers\Usuario.php(11): view('Usuarios/index')
#3 C:\xampp\htdocs\gestor\system\CodeIgniter.php(931): App\Controllers\Usuario->index()
#4 C:\xampp\htdocs\gestor\system\CodeIgniter.php(439): CodeIgniter\CodeIgniter->runController(Object(App\Controllers\Usuario))
#5 C:\xampp\htdocs\gestor\system\CodeIgniter.php(339): CodeIgniter\CodeIgniter->handleRequest(NULL, Object(Config\Cache), false)
#6 C:\xampp\htdocs\gestor\public\index.php(36): CodeIgniter\CodeIgniter->run()
#7 C:\xampp\htdocs\gestor\system\Commands\Server\rewrite.php(45): require_once('C:\\xampp\\htdocs...')
#8 {main}
CRITICAL - 2022-06-12 14:11:37 --> Invalid file: Usuario/index.php
#0 C:\xampp\htdocs\gestor\system\View\View.php(213): CodeIgniter\Exceptions\FrameworkException::forInvalidFile('Usuario/index.p...')
#1 C:\xampp\htdocs\gestor\system\Common.php(1250): CodeIgniter\View\View->render('Usuario/index', Array, true)
#2 C:\xampp\htdocs\gestor\app\Controllers\Usuarios.php(11): view('Usuario/index')
#3 C:\xampp\htdocs\gestor\system\CodeIgniter.php(931): App\Controllers\Usuarios->index()
#4 C:\xampp\htdocs\gestor\system\CodeIgniter.php(439): CodeIgniter\CodeIgniter->runController(Object(App\Controllers\Usuarios))
#5 C:\xampp\htdocs\gestor\system\CodeIgniter.php(339): CodeIgniter\CodeIgniter->handleRequest(NULL, Object(Config\Cache), false)
#6 C:\xampp\htdocs\gestor\public\index.php(36): CodeIgniter\CodeIgniter->run()
#7 C:\xampp\htdocs\gestor\system\Commands\Server\rewrite.php(45): require_once('C:\\xampp\\htdocs...')
#8 {main}
CRITICAL - 2022-06-12 14:28:44 --> Undefined variable: titulo
#0 C:\xampp\htdocs\gestor\app\Views\Home\index.php(220): CodeIgniter\Debug\Exceptions->errorHandler(8, 'Undefined varia...', 'C:\\xampp\\htdocs...', 220, Array)
#1 C:\xampp\htdocs\gestor\system\View\View.php(230): include('C:\\xampp\\htdocs...')
#2 C:\xampp\htdocs\gestor\system\View\View.php(232): CodeIgniter\View\View->CodeIgniter\View\{closure}()
#3 C:\xampp\htdocs\gestor\system\Common.php(1250): CodeIgniter\View\View->render('Home/index', Array, true)
#4 C:\xampp\htdocs\gestor\app\Controllers\Home.php(9): view('Home/index')
#5 C:\xampp\htdocs\gestor\system\CodeIgniter.php(931): App\Controllers\Home->index()
#6 C:\xampp\htdocs\gestor\system\CodeIgniter.php(439): CodeIgniter\CodeIgniter->runController(Object(App\Controllers\Home))
#7 C:\xampp\htdocs\gestor\system\CodeIgniter.php(339): CodeIgniter\CodeIgniter->handleRequest(NULL, Object(Config\Cache), false)
#8 C:\xampp\htdocs\gestor\public\index.php(36): CodeIgniter\CodeIgniter->run()
#9 C:\xampp\htdocs\gestor\system\Commands\Server\rewrite.php(45): require_once('C:\\xampp\\htdocs...')
#10 {main}
ERROR - 2022-06-12 16:21:43 --> Error connecting to the database: Access denied for user ''@'localhost' (using password: NO)
ERROR - 2022-06-12 22:15:24 --> Duplicate entry 'mgerhold@yahoo.com' for key 'email'
